TN:
SF:src/use-cases/submit-feedback-use-case.ts
FN:11,SubmitFeedbackUseCase
FN:15,execute
FNF:2
FNH:2
FNDA:1,SubmitFeedbackUseCase
FNDA:4,execute
DA:1,1
DA:2,1
DA:3,1
DA:4,1
DA:5,1
DA:6,1
DA:7,1
DA:8,1
DA:9,1
DA:10,1
DA:11,1
DA:12,1
DA:13,1
DA:14,1
DA:15,1
DA:16,4
DA:17,4
DA:18,4
DA:19,1
DA:20,1
DA:21,3
DA:22,4
DA:23,1
DA:24,1
DA:25,2
DA:26,4
DA:27,1
DA:28,1
DA:29,1
DA:30,1
DA:31,1
DA:32,1
DA:33,1
DA:34,1
DA:35,1
DA:36,1
DA:37,1
DA:38,1
DA:39,1
DA:40,1
DA:41,1
LF:41
LH:41
BRDA:11,0,0,1
BRDA:15,1,0,4
BRDA:18,2,0,1
BRDA:21,3,0,3
BRDA:22,4,0,1
BRDA:25,5,0,2
BRDA:26,6,0,1
BRF:7
BRH:7
end_of_record
